<?xml version="1.0" encoding="UTF-8"?>
<testng-results skipped="0" failed="0" ignored="0" total="1" passed="1">
  <reporter-output>
  </reporter-output>
  <suite name="Default suite" duration-ms="44027" started-at="2019-06-13T17:10:12Z" finished-at="2019-06-13T17:10:56Z">
    <groups>
    </groups>
    <test name="Default test" duration-ms="44027" started-at="2019-06-13T17:10:12Z" finished-at="2019-06-13T17:10:56Z">
      <class name="codingRound.PageObjectImpl.signInTest">
        <test-method status="PASS" signature="signIn()[pri:0, instance:codingRound.PageObjectImpl.signInTest@51efea79]" name="signIn" duration-ms="43959" started-at="2019-06-13T22:40:12Z" finished-at="2019-06-13T22:40:56Z">
          <reporter-output>
          </reporter-output>
        </test-method> <!-- signIn -->
      </class> <!-- codingRound.PageObjectImpl.signInTest -->
    </test> <!-- Default test -->
  </suite> <!-- Default suite -->
</testng-results>
